<?xml version="1.0" encoding="UTF-8"?>
<!-- Generated by org.testng.reporters.JUnitXMLReporter -->
<testsuite ignored="4" hostname="LAPTOP-7O9CLJ20" failures="0" tests="1" name="Default test" time="3.055" errors="0" timestamp="2022-02-03T06:31:28 EST">
  <testcase classname="tests.SearchBarFunction" name="SearchingWithNoRecords" time="1.31"/>
  <testcase classname="tests.SearchBarFunction" name="SearchingforApple" time="0.0">
    <ignored/>
  </testcase> <!-- SearchingforApple -->
  <testcase classname="tests.SearchBarFunction" name="SearchingwithSymbDate" time="0.0">
    <ignored/>
  </testcase> <!-- SearchingwithSymbDate -->
  <testcase classname="tests.SearchBarFunction" name="SearchingforTA" time="0.0">
    <ignored/>
  </testcase> <!-- SearchingforTA -->
  <testcase classname="tests.SearchBarFunction" name="SearchingwithDate" time="0.0">
    <ignored/>
  </testcase> <!-- SearchingwithDate -->
</testsuite> <!-- Default test -->
