<?xml version="1.0" encoding="UTF-8"?>
<testng-results ignored="4" total="5" passed="1" failed="0" skipped="0">
  <reporter-output>
  </reporter-output>
  <suite started-at="2022-02-03T06:31:25 EST" name="Default suite" finished-at="2022-02-03T06:31:28 EST" duration-ms="3055">
    <groups>
    </groups>
    <test started-at="2022-02-03T06:31:25 EST" name="Default test" finished-at="2022-02-03T06:31:28 EST" duration-ms="3055">
      <class name="tests.SearchBarFunction">
        <test-method is-config="true" signature="beforeMethod()[pri:0, instance:tests.SearchBarFunction@2f8dad04]" started-at="2022-02-03T06:31:25 EST" name="beforeMethod" finished-at="2022-02-03T06:31:27 EST" duration-ms="1701" status="PASS">
          <reporter-output>
          </reporter-output>
        </test-method> <!-- beforeMethod -->
        <test-method signature="SearchingWithNoRecords()[pri:0, instance:tests.SearchBarFunction@2f8dad04]" started-at="2022-02-03T06:31:27 EST" name="SearchingWithNoRecords" finished-at="2022-02-03T06:31:28 EST" duration-ms="1310" status="PASS">
          <reporter-output>
          </reporter-output>
        </test-method> <!-- SearchingWithNoRecords -->
        <test-method is-config="true" signature="afterMethod()[pri:0, instance:tests.SearchBarFunction@2f8dad04]" started-at="2022-02-03T06:31:28 EST" name="afterMethod" finished-at="2022-02-03T06:31:28 EST" duration-ms="0" status="PASS">
          <reporter-output>
          </reporter-output>
        </test-method> <!-- afterMethod -->
      </class> <!-- tests.SearchBarFunction -->
    </test> <!-- Default test -->
  </suite> <!-- Default suite -->
</testng-results>
